Starting audit...
[ERROR] /home/naveen/Documents/ADS-2_20186106/ADS-2-assignments/m18/ADS-2Exam-3/Snolution.java:0: File does not end with a newline. [NewlineAtEndOfFile]
Audit done.
Checkstyle ends with 1 errors.
Starting audit...
[ERROR] /home/naveen/Documents/ADS-2_20186106/ADS-2-assignments/m18/ADS-2Exam-3/Solution.java:2:8: Unused import - java.util.HashSet. [UnusedImports]
[ERROR] /home/naveen/Documents/ADS-2_20186106/ADS-2-assignments/m18/ADS-2Exam-3/Solution.java:5: Missing a Javadoc comment. [JavadocType]
[ERROR] /home/naveen/Documents/ADS-2_20186106/ADS-2-assignments/m18/ADS-2Exam-3/Solution.java:5:1: Utility classes should not have a public or default constructor. [HideUtilityClassConstructor]
[ERROR] /home/naveen/Documents/ADS-2_20186106/ADS-2-assignments/m18/ADS-2Exam-3/Solution.java:7:1: File contains tab characters (this is the first instance). [FileTabCharacter]
[ERROR] /home/naveen/Documents/ADS-2_20186106/ADS-2-assignments/m18/ADS-2Exam-3/Solution.java:8:9: Missing a Javadoc comment. [JavadocMethod]
[ERROR] /home/naveen/Documents/ADS-2_20186106/ADS-2-assignments/m18/ADS-2Exam-3/Solution.java:8:33: Parameter args should be final. [FinalParameters]
[ERROR] /home/naveen/Documents/ADS-2_20186106/ADS-2-assignments/m18/ADS-2Exam-3/Solution.java:15: Line is longer than 80 characters (found 95). [LineLength]
[ERROR] /home/naveen/Documents/ADS-2_20186106/ADS-2-assignments/m18/ADS-2Exam-3/Solution.java:39: Line is longer than 80 characters (found 84). [LineLength]
[ERROR] /home/naveen/Documents/ADS-2_20186106/ADS-2-assignments/m18/ADS-2Exam-3/Solution.java:84:9: Missing a Javadoc comment. [JavadocMethod]
[ERROR] /home/naveen/Documents/ADS-2_20186106/ADS-2-assignments/m18/ADS-2Exam-3/Solution.java:84:43: Parameter file should be final. [FinalParameters]
[ERROR] /home/naveen/Documents/ADS-2_20186106/ADS-2-assignments/m18/ADS-2Exam-3/Solution.java:89: Line is longer than 80 characters (found 83). [LineLength]
[ERROR] /home/naveen/Documents/ADS-2_20186106/ADS-2-assignments/m18/ADS-2Exam-3/Solution.java:89:9: Missing a Javadoc comment. [JavadocMethod]
[ERROR] /home/naveen/Documents/ADS-2_20186106/ADS-2-assignments/m18/ADS-2Exam-3/Solution.java:89:70: Parameter file should be final. [FinalParameters]
[ERROR] /home/naveen/Documents/ADS-2_20186106/ADS-2-assignments/m18/ADS-2Exam-3/Solution.java:90: Line is longer than 80 characters (found 92). [LineLength]
[ERROR] /home/naveen/Documents/ADS-2_20186106/ADS-2-assignments/m18/ADS-2Exam-3/Solution.java:98: Line is longer than 80 characters (found 109). [LineLength]
[ERROR] /home/naveen/Documents/ADS-2_20186106/ADS-2-assignments/m18/ADS-2Exam-3/Solution.java:106: Missing a Javadoc comment. [JavadocType]
[ERROR] /home/naveen/Documents/ADS-2_20186106/ADS-2-assignments/m18/ADS-2Exam-3/Solution.java:107:9: Missing a Javadoc comment. [JavadocVariable]
[ERROR] /home/naveen/Documents/ADS-2_20186106/ADS-2-assignments/m18/ADS-2Exam-3/Solution.java:108:9: Missing a Javadoc comment. [JavadocVariable]
[ERROR] /home/naveen/Documents/ADS-2_20186106/ADS-2-assignments/m18/ADS-2Exam-3/Solution.java:110:9: Missing a Javadoc comment. [JavadocMethod]
[ERROR] /home/naveen/Documents/ADS-2_20186106/ADS-2-assignments/m18/ADS-2Exam-3/Solution.java:110:9: Redundant 'public' modifier. [RedundantModifier]
[ERROR] /home/naveen/Documents/ADS-2_20186106/ADS-2-assignments/m18/ADS-2Exam-3/Solution.java:110:19: Parameter st should be final. [FinalParameters]
[ERROR] /home/naveen/Documents/ADS-2_20186106/ADS-2-assignments/m18/ADS-2Exam-3/Solution.java:121:9: Missing a Javadoc comment. [JavadocMethod]
[ERROR] /home/naveen/Documents/ADS-2_20186106/ADS-2-assignments/m18/ADS-2Exam-3/Solution.java:121:45: Parameter prefix should be final. [FinalParameters]
[ERROR] /home/naveen/Documents/ADS-2_20186106/ADS-2-assignments/m18/ADS-2Exam-3/Solution.java:126:9: Missing a Javadoc comment. [JavadocMethod]
[ERROR] /home/naveen/Documents/ADS-2_20186106/ADS-2-assignments/m18/ADS-2Exam-3/Solution.java:126:48: Parameter t9Signature should be final. [FinalParameters]
[ERROR] /home/naveen/Documents/ADS-2_20186106/ADS-2-assignments/m18/ADS-2Exam-3/Solution.java:134:9: Missing a Javadoc comment. [JavadocMethod]
[ERROR] /home/naveen/Documents/ADS-2_20186106/ADS-2-assignments/m18/ADS-2Exam-3/Solution.java:134:48: Parameter words should be final. [FinalParameters]
[ERROR] /home/naveen/Documents/ADS-2_20186106/ADS-2-assignments/m18/ADS-2Exam-3/Solution.java:134:72: Parameter k should be final. [FinalParameters]
[ERROR] /home/naveen/Documents/ADS-2_20186106/ADS-2-assignments/m18/ADS-2Exam-3/Solution.java:154: Line is longer than 80 characters (found 83). [LineLength]
[ERROR] /home/naveen/Documents/ADS-2_20186106/ADS-2-assignments/m18/ADS-2Exam-3/Solution.java:172: Line has trailing spaces. [RegexpSingleline]
[ERROR] /home/naveen/Documents/ADS-2_20186106/ADS-2-assignments/m18/ADS-2Exam-3/Solution.java:182: Line has trailing spaces. [RegexpSingleline]
[ERROR] /home/naveen/Documents/ADS-2_20186106/ADS-2-assignments/m18/ADS-2Exam-3/Solution.java:197:9: Missing a Javadoc comment. [JavadocMethod]
[ERROR] /home/naveen/Documents/ADS-2_20186106/ADS-2-assignments/m18/ADS-2Exam-3/Solution.java:197:36: Parameter t9Signature should be final. [FinalParameters]
[ERROR] /home/naveen/Documents/ADS-2_20186106/ADS-2-assignments/m18/ADS-2Exam-3/Solution.java:197:56: Parameter k should be final. [FinalParameters]
Audit done.
Checkstyle ends with 34 errors.
Files to process must be specified, found 0.
Files to process must be specified, found 0.
Files to process must be specified, found 0.
Files to process must be specified, found 0.
Files to process must be specified, found 0.
Files to process must be specified, found 0.
